<?xml version="1.0" encoding="UTF-8"?>
<!-- Generated by org.testng.reporters.JUnitXMLReporter -->
<testsuite hostname="SAITDEV13" ignored="0" name="Test" tests="8" failures="1" timestamp="2020-05-18T23:03:42 PDT" time="25.591" errors="0">
  <testcase name="TC01_TestLogin" time="1.01" classname="Forms_Package.Forms_Test"/>
  <testcase name="TC02_CreateNewForm" time="4.292" classname="Forms_Package.Forms_Test"/>
  <testcase name="TC03_TestSearchAndOpenForm" time="2.28" classname="Forms_Package.Forms_Test"/>
  <testcase name="TC04_AddNewTextQuestionToFormLayout" time="2.607" classname="Forms_Package.Forms_Test"/>
  <testcase name="TC04_AddNewTextQuestionToFormLayout" time="2.473" classname="Forms_Package.Forms_Test">
    <failure type="java.lang.AssertionError" message="Failed: Added New Question Type Text With invalid Data  expected [true] but found [false]">
      <![CDATA[java.lang.AssertionError: Failed: Added New Question Type Text With invalid Data  expected [true] but found [false]
at Forms_Package.Forms_Test.TC04_AddNewTextQuestionToFormLayout(Forms_Test.java:180)
at java.util.ArrayList.forEach(Unknown Source)
... Removed 30 stack frames]]>
    </failure>
  </testcase> <!-- TC04_AddNewTextQuestionToFormLayout -->
  <testcase name="TC05_TestViewForm" time="1.241" classname="Forms_Package.Forms_Test"/>
  <testcase name="TC06_TestSubmitForm" time="2.294" classname="Forms_Package.Forms_Test"/>
  <testcase name="TC07_TestResponseSubmitted" time="1.682" classname="Forms_Package.Forms_Test"/>
</testsuite> <!-- Test -->
